2018-03-28 11:39:54.354 - controller.controller - INFO - ===== Starting =====
2018-03-28 11:39:54.354 - controller.controller - INFO - Parameters:
2018-03-28 11:39:54.354 - controller.controller - INFO - [
    {
        "LastTimeChecked": "3/1/2018 00:00:01",
        "MailBoxPassword": "Byte1234",
        "MailBoxToMonitor": "byte_maint@outlook.com",
        "MessageSubject": "Job d{0:10}.*$",
        "Mongo": {
            "db_name": "jPager",
            "ip_address": "159.203.74.232",
            "password": "admin",
            "port": "27017",
            "user_name": "test_admin"
        },
        "Quit": "False",
        "WaitTime": 60
    }
]
2018-03-28 11:39:58.522 - controller.controller - INFO - monitor_loop: Retrieved 3 open alerts
2018-03-28 11:39:58.522 - controller.controller - INFO - Successful
2018-03-28 11:39:58.522 - controller.controller - INFO - ===== Stopping =====
