2018-04-04 15:59:55.595 - controller.controller - INFO - ===== Starting =====
2018-04-04 15:59:55.595 - controller.controller - INFO - Parameters:
2018-04-04 15:59:55.595 - controller.controller - INFO - [
    {
        "DataChain": "DataChain.json",
        "LastTimeChecked": "3/1/2018 00:00:01",
        "MailBoxPassword": "Byte1234",
        "MailBoxToMonitor": "byte_maint@outlook.com",
        "MessageSubject": "Job d{0:10}.*$",
        "Mongo": {
            "alert_db_name": "jPager_xcn",
            "ip_address": "159.203.74.232",
            "password": "admin",
            "port": "27017",
            "ref_db_name": "jPager",
            "user_name": "test_admin"
        },
        "Quit": "False",
        "WaitTime": 60
    }
]
2018-04-04 15:59:55.596 - controller.controller - INFO - monitor_loop: Retrieved 3 open alerts
2018-04-04 15:59:55.597 - controller.controller - INFO - monitor_loop:{   'Test Job 1000~byte_maint@outlook.com~1~20180326_100023': {   '_id': 2,
                                                                  'dept_name': 'IT',
                                                                  'email_from': 'byte_maint@outlook.com',
                                                                  'email_subject': 'Test '
                                                                                   'Job '
                                                                                   '1000 '
                                                                                   'Failed',
                                                                  'email_to': 'byte_ic@outlook.com',
                                                                  'job_name': 'Test '
                                                                              'Job '
                                                                              '1000',
                                                                  'notification_dt': datetime.datetime(2018, 3, 26, 10, 0, 23),
                                                                  'response_order': 1,
                                                                  'sla_time': 15,
                                                                  'user_name': 'IndividualContributor'},
    'Test Job 1000~byte_maint@outlook.com~2~20180326_101523': {   '_id': 3,
                                                                  'dept_name': 'IT',
                                                                  'email_from': 'byte_maint@outlook.com',
                                                                  'email_subject': 'Test '
                                                                                   'Job '
                                                                                   '1000 '
                                                                                   'Failed',
                                                                  'email_to': 'byte_mgr@outlookcom',
                                                                  'job_name': 'Test '
                                                                              'Job '
                                                                              '1000',
                                                                  'notification_dt': datetime.datetime(2018, 3, 26, 10, 15, 23),
                                                                  'response_order': 2,
                                                                  'sla_time': 15,
                                                                  'user_name': 'Manager'},
    'Test Job 1000~byte_maint@outlook.com~3~20180326_103023': {   '_id': 5,
                                                                  'dept_name': 'IT',
                                                                  'email_from': 'byte_maint@outlook.com',
                                                                  'email_subject': 'Test '
                                                                                   'Job '
                                                                                   '1000 '
                                                                                   'Failed',
                                                                  'email_to': 'byte_dir@outlook.com',
                                                                  'job_name': 'Test '
                                                                              'Job '
                                                                              '1000',
                                                                  'notification_dt': datetime.datetime(2018, 3, 26, 10, 30, 23),
                                                                  'response_order': 3,
                                                                  'sla_time': 15,
                                                                  'user_name': 'Director'}}
2018-04-04 15:59:55.648 - controller.controller - INFO - monitor_loop: Retrieved 13 reference data records
2018-04-04 15:59:55.648 - controller.controller - INFO - Successful
2018-04-04 15:59:55.648 - controller.controller - INFO - ===== Stopping =====
