2018-04-04 16:03:10.714 - controller.controller - INFO - ===== Starting =====
2018-04-04 16:03:10.714 - controller.controller - INFO - Parameters:
2018-04-04 16:03:10.714 - controller.controller - INFO - [
    {
        "DataChain": "DataChain.json",
        "LastTimeChecked": "3/1/2018 00:00:01",
        "MailBoxPassword": "Byte1234",
        "MailBoxToMonitor": "byte_maint@outlook.com",
        "MessageSubject": "Job d{0:10}.*$",
        "Mongo": {
            "alert_db_name": "jPager_xcn",
            "ip_address": "159.203.74.232",
            "password": "admin",
            "port": "27017",
            "ref_db_name": "jPager",
            "user_name": "test_admin"
        },
        "Quit": "False",
        "WaitTime": 60
    }
]
2018-04-04 16:03:10.715 - controller.controller - INFO - monitor_loop: Retrieved 3 open alerts
2018-04-04 16:03:10.764 - controller.controller - INFO - monitor_loop: Retrieved 13 reference data records
2018-04-04 16:03:10.764 - controller.controller - INFO - Successful
2018-04-04 16:03:10.764 - controller.controller - INFO - ===== Stopping =====
