2018-04-07 13:28:47.911 - bc_seed.main - INFO - ===== Starting =====
2018-04-07 13:28:47.912 - bc_seed.main - INFO - Read json parameters
2018-04-07 13:28:48.079 - bc_seed.main - INFO - Seed: 13 rows deleted from jPager
2018-04-07 13:28:48.140 - bc_seed.main - INFO - Seed.import_ref_data: 13 ref data rows inserted from RefData.csv
2018-04-07 13:28:48.195 - bc_seed.main - INFO - Existing block chain data file ../DataChain.json will be deleted
2018-04-07 13:28:48.202 - bc_seed.main - INFO - Read 5 test transactions
2018-04-07 13:28:48.224 - bc_seed.main - INFO - ===> Display full chain <===
2018-04-07 13:28:48.229 - bc_seed.main - INFO - Chain [6]:
 [   {   'index': 1,
        'previous_hash': 1,
        'proof': 203,
        'timestamp': '2018-04-07 13:28:48',
        'transactions': [   {   'dept_name': 'jedi',
                                'email_from': 'n_kata_del_gormo',
                                'email_subject': 'The Force Awakens',
                                'email_to': 'yoda',
                                'job_failure_dt': '2018-01-01 00:00:01',
                                'job_name': 'Use The Force',
                                'response_order': 1,
                                'sla_time': 999,
                                'user_name': 'n_kata_del_gormo'}]},
    {   'index': 2,
        'previous_hash': 'e977a0247841c39353d1b6738db6dcfcb973feca8a74e3075f7b736a82ec0fc4',
        'proof': 616,
        'timestamp': '2018-04-07 13:28:48',
        'transactions': [   {   'dept_name': 'IT',
                                'email_from': 'byte_maint@galaxy-usa.com',
                                'email_subject': 'Test Job 1000 Failed',
                                'email_to': 'byte_ic@galaxy-usa.com',
                                'job_failure_dt': '2018-04-06 09:59:23',
                                'job_name': 'Test Job 1000',
                                'notification_dt': '2018-04-06 10:00:23',
                                'response_order': 1,
                                'sla_time': 15,
                                'user_name': 'IndividualContributor'}]},
    {   'index': 3,
        'previous_hash': '6e03ebe82f56995a75762287b6a83f2452264a95dacb9ebc442906e5b5afd5cc',
        'proof': 775,
        'timestamp': '2018-04-07 13:28:48',
        'transactions': [   {   'dept_name': 'IT',
                                'email_from': 'byte_maint@galaxy-usa.com',
                                'email_subject': 'Test Job 1000 Failed',
                                'email_to': 'byte_mgr@galaxy-usa.com',
                                'job_failure_dt': '2018-04-06 09:59:23',
                                'job_name': 'Test Job 1000',
                                'notification_dt': '2018-04-06 10:15:23',
                                'response_order': 2,
                                'sla_time': 15,
                                'user_name': 'Manager'}]},
    {   'index': 4,
        'previous_hash': '9f6f608847b09fcf58686c8e81c7201656438ac542a2cf0d2bdf7adbfdd69c77',
        'proof': 804,
        'timestamp': '2018-04-07 13:28:48',
        'transactions': [   {   'dept_name': 'IT',
                                'email_from': 'byte_maint@galaxy-usa.com',
                                'email_subject': 'Test Job 1001 Failed',
                                'email_to': 'byte_ic@galaxy-usa.com',
                                'job_failure_dt': '2018-04-06 10:19:23',
                                'job_name': 'Test Job 1001',
                                'notification_dt': '2018-04-06 10:20:23',
                                'response_order': 1,
                                'sla_time': 75,
                                'user_name': 'IndividualContributor'}]},
    {   'index': 5,
        'previous_hash': 'b49f7e77c655ee9ff35ac76123a390076eabe53c6922898f0c011e17e98b2589',
        'proof': 952,
        'timestamp': '2018-04-07 13:28:48',
        'transactions': [   {   'dept_name': 'IT',
                                'email_from': 'byte_maint@galaxy-usa.com',
                                'email_subject': 'Test Job 1000 Failed',
                                'email_to': 'byte_dir@galaxy-usa.com',
                                'job_failure_dt': '2018-04-06 09:59:23',
                                'job_name': 'Test Job 1000',
                                'notification_dt': '2018-04-06 10:30:23',
                                'response_order': 3,
                                'sla_time': 15,
                                'user_name': 'Director'}]},
    {   'index': 6,
        'previous_hash': '520981716c5a7b572ed45f201b0c074bf4bdeedcfe05a5d79ecdb4d256a376a1',
        'proof': 1335,
        'timestamp': '2018-04-07 13:28:48',
        'transactions': [   {   'dept_name': 'IT',
                                'email_from': 'byte_ic@galaxy-usa.com',
                                'email_subject': 'Test Job 1001 Failed',
                                'email_to': 'byte_maint@galaxy-usa.com',
                                'job_failure_dt': '2018-04-06 10:19:23',
                                'job_name': 'Test Job 1001',
                                'notification_dt': '2018-04-06 10:20:23',
                                'response_dt': '2018-04-06 10:45:23',
                                'response_order': 1,
                                'sla_time': 75,
                                'user_name': 'IndividualContributor'}]}]
2018-04-07 13:28:48.229 - bc_seed.main - INFO - ===== Done =====
